[02:46:59] [ServerMain/INFO]: Environment: Environment[sessionHost=https://sessionserver.mojang.com, servicesHost=https://api.minecraftservices.com, name=PROD]
[02:47:02] [ServerMain/INFO]: Loaded 1290 recipes
[02:47:02] [ServerMain/INFO]: Loaded 1399 advancements
[02:47:03] [Server thread/INFO]: Starting minecraft server version 1.21
[02:47:03] [Server thread/INFO]: Loading properties
[02:47:03] [Server thread/INFO]: Default game type: SURVIVAL
[02:47:03] [Server thread/INFO]: Generating keypair
[02:47:03] [Server thread/INFO]: Starting Minecraft server on *:25565
[02:47:03] [Server thread/INFO]: Using epoll channel type
[02:47:03] [Server thread/WARN]: **** SERVER IS RUNNING IN OFFLINE/INSECURE MODE!
[02:47:03] [Server thread/WARN]: The server will make no attempt to authenticate usernames. Beware.
[02:47:03] [Server thread/WARN]: While this makes the game possible to play without internet access, it also opens up the ability for hackers to connect with any username they choose.
[02:47:03] [Server thread/WARN]: To change this, set "online-mode" to "true" in the server.properties file.
[02:47:03] [Server thread/INFO]: Preparing level "world"
[02:47:17] [Server thread/INFO]: Preparing start region for dimension minecraft:overworld
[02:47:18] [Worker-Main-1/INFO]: Preparing spawn area: 0%
[02:47:18] [Worker-Main-1/INFO]: Preparing spawn area: 0%
[02:47:18] [Server thread/INFO]: Time elapsed: 946 ms
[02:47:18] [Server thread/INFO]: Done (15.265s)! For help, type "help"
[02:47:36] [Server thread/INFO]: Akukis[/192.168.194.127:53284] logged in with entity id 1 at (138.9654610908699, 1238.0, 186.09310446220545)
[02:47:37] [Server thread/INFO]: Akukis joined the game
[02:48:17] [Server thread/INFO]: cuycito[/192.168.194.107:50812] logged in with entity id 128 at (-31.5, 15.0, 432.5)
[02:48:17] [Server thread/INFO]: cuycito joined the game
[02:48:39] [Server thread/INFO]: [Akukis: Teleported cuycito to Akukis]
[02:49:14] [Server thread/INFO]: cuycito has made the advancement [Monster Hunter]
[02:49:14] [Server thread/INFO]: cuycito was blown up by Creeper
[02:49:17] [Server thread/INFO]: [Akukis: Teleported cuycito to Akukis]
[02:49:20] [Server thread/INFO]: [Akukis: Teleported cuycito to Akukis]
[02:49:23] [Server thread/INFO]: Akukis has made the advancement [Stone Age]
[02:50:18] [Server thread/INFO]: [Akukis: Gamerule keepInventory is now set to: true]
[02:50:44] [Server thread/INFO]: Akukis has made the advancement [Getting an Upgrade]
[02:50:54] [Server thread/INFO]: cuycito has made the advancement [Stone Age]
[02:51:15] [Server thread/INFO]: cuycito has made the advancement [Getting an Upgrade]
[02:51:53] [Server thread/INFO]: cuycito was slain by Akukis
[02:52:23] [Server thread/INFO]: [Akukis: Teleported cuycito to Akukis]
[02:53:05] [Server thread/INFO]: Akukis was slain by Zombie
[02:53:10] [Server thread/INFO]: [Akukis: Teleported Akukis to cuycito]
[02:53:45] [Server thread/INFO]: Akukis was slain by cuycito
[02:53:48] [Server thread/INFO]: [Akukis: Teleported cuycito to Akukis]
[02:55:04] [Server thread/INFO]: cuycito was slain by Drowned
[02:55:05] [Server thread/INFO]: Akukis was slain by Drowned
[02:57:28] [Server thread/INFO]: Akukis has made the advancement [Acquire Hardware]
[03:00:47] [Server thread/INFO]: cuycito was shot by Skeleton
[03:02:52] [Server thread/INFO]: Akukis has made the advancement [Monster Hunter]
[03:02:54] [Server thread/INFO]: Akukis was shot by Skeleton
[03:03:02] [Server thread/INFO]: [Akukis: Teleported Akukis to cuycito]
[03:03:11] [Server thread/INFO]: Akukis was blown up by Creeper
[03:03:11] [Server thread/INFO]: cuycito was blown up by Creeper
[03:09:46] [Server thread/INFO]: Akukis was slain by Spider
[03:09:49] [Server thread/INFO]: [Akukis: Teleported Akukis to cuycito]
[03:10:35] [Server thread/INFO]: cuycito was impaled by Drowned
[03:11:19] [Server thread/INFO]: Akukis has made the advancement [Not Today, Thank You]
[03:12:13] [Server thread/INFO]: Akukis was slain by cuycito
[03:12:16] [Server thread/INFO]: [Akukis: Teleported Akukis to cuycito]
[03:12:56] [Server thread/INFO]: Akukis was impaled by Drowned
[03:13:01] [Server thread/INFO]: [Akukis: Teleported Akukis to cuycito]
[03:13:27] [Server thread/INFO]: cuycito was slain by Drowned
[03:13:32] [Server thread/INFO]: [Akukis: Teleported cuycito to Akukis]
[03:13:35] [Server thread/INFO]: [Akukis: Teleported cuycito to Akukis]
[03:13:46] [Server thread/INFO]: [Akukis: Teleported cuycito to Akukis]
[03:14:04] [Server thread/INFO]: cuycito lost connection: Timed out
[03:14:04] [Server thread/INFO]: cuycito left the game
[03:14:04] [Server thread/WARN]: handleDisconnection() called twice
[03:15:26] [Server thread/INFO]: Akukis lost connection: Disconnected
[03:15:26] [Server thread/INFO]: Akukis left the game
